#
# A fatal error has been detected by the Java Runtime Environment:
#
#  EXCEPTION_ACCESS_VIOLATION (0xc0000005) at pc=0x000000006481584a, pid=2548, tid=0x00000000000037e0
#
# JRE version: Java(TM) SE Runtime Environment (8.0_144-b01) (build 1.8.0_144-b01)
# Java VM: Java HotSpot(TM) 64-Bit Server VM (25.144-b01 mixed mode windows-amd64 compressed oops)
# Problematic frame:
# C  [glass.dll+0x2584a]
#
# Failed to write core dump. Minidumps are not enabled by default on client versions of Windows
#
# If you would like to submit a bug report, please visit:
#   http://bugreport.java.com/bugreport/crash.jsp
#

---------------  T H R E A D  ---------------

Current thread (0x000000001ede9800):  VMThread [stack: 0x0000000020ac0000,0x0000000020bc0000] [id=14304]

siginfo: ExceptionCode=0xc0000005, reading address 0x0000000000000000

Registers:
RAX=0x0000000000000000, RBX=0x0000000021bc7420, RCX=0x000000001ede9800, RDX=0x0000000021bc7420
RSP=0x0000000020bbeef0, RBP=0x000000000338dc20, RSI=0x0000000000000001, RDI=0x0000000000000000
R8 =0x0000000000010002, R9 =0x000000000338dc20, R10=0x0000000000000000, R11=0x0000000000000246
R12=0x000000000338dc50, R13=0x000000000338dc20, R14=0x000000000338dc30, R15=0x0000000000000000
RIP=0x000000006481584a, EFLAGS=0x0000000000010206

Top of Stack: (sp=0x0000000020bbeef0)
0x0000000020bbeef0:   0000000000000000 0000000064815900
0x0000000020bbef00:   0000000000000000 000000000338dc20
0x0000000020bbef10:   0000000064815830 0000000064813224
0x0000000020bbef20:   00000000648291b0 00007ff85154d49b
0x0000000020bbef30:   0000000000000001 000000001ec75400
0x0000000020bbef40:   0000000000000001 00000000647f0000
0x0000000020bbef50:   00000000052c1638 00000000648134a6
0x0000000020bbef60:   0000000000000001 000000001ec75400
0x0000000020bbef70:   0000000000000000 0000000064813384
0x0000000020bbef80:   c000000500000001 0000000020bbe040
0x0000000020bbef90:   00000000647f0000 00007ff84e3e1273
0x0000000020bbefa0:   000000007ffe0385 0000000000000000
0x0000000020bbefb0:   000000007ffe0384 000000007ffe0385
0x0000000020bbefc0:   00000000010e4000 00007ff84e42648a
0x0000000020bbefd0:   000017189a288e00 000000000337a6a0
0x0000000020bbefe0:   0000000000000000 0000000000000000 

Instructions: (pc=0x000000006481584a)
0x000000006481582a:   83 c4 20 5d c3 cc 40 53 48 83 ec 20 48 8b 1d cb
0x000000006481583a:   5b 01 00 48 85 db 74 1a e8 19 93 ff ff 48 8b d3
0x000000006481584a:   4c 8b 00 48 8b c8 48 83 c4 20 5b 49 ff a0 b0 00
0x000000006481585a:   00 00 48 83 c4 20 5b c3 cc cc cc cc cc cc cc cc 


Register to memory mapping:

RAX=0x0000000000000000 is an unknown value
RBX=0x0000000021bc7420 is a global jni handle
RCX=0x000000001ede9800 is an unknown value
RDX=0x0000000021bc7420 is a global jni handle
RSP=0x0000000020bbeef0 is an unknown value
RBP=0x000000000338dc20 is an unknown value
RSI=0x0000000000000001 is an unknown value
RDI=0x0000000000000000 is an unknown value
R8 =0x0000000000010002 is an unknown value
R9 =0x000000000338dc20 is an unknown value
R10=0x0000000000000000 is an unknown value
R11=0x0000000000000246 is an unknown value
R12=0x000000000338dc50 is an unknown value
R13=0x000000000338dc20 is an unknown value
R14=0x000000000338dc30 is an unknown value
R15=0x0000000000000000 is an unknown value


Stack: [0x0000000020ac0000,0x0000000020bc0000],  sp=0x0000000020bbeef0,  free space=1019k
Native frames: (J=compiled Java code, j=interpreted, Vv=VM code, C=native code)
C  [glass.dll+0x2584a]
C  [glass.dll+0x23224]
C  [glass.dll+0x234a6]
C  [ntdll.dll+0x31273]
C  [ntdll.dll+0x762d5]
C  [ntdll.dll+0x76194]
C  [KERNEL32.DLL+0xf06a]
C  [msvcr100.dll+0x20ccd]
V  [jvm.dll+0x213145]
V  [jvm.dll+0x24c127]
V  [jvm.dll+0x24b3c6]
V  [jvm.dll+0x24b861]
V  [jvm.dll+0x24ba7e]
V  [jvm.dll+0x29ca6a]
C  [msvcr100.dll+0x21d9f]
C  [msvcr100.dll+0x21e3b]
C  [KERNEL32.DLL+0x11fe4]
C  [ntdll.dll+0x6cb31]

VM_Operation (0x0000000022689a70): Exit, mode: safepoint, requested by thread 0x0000000021b12800


---------------  P R O C E S S  ---------------

Java Threads: ( => current thread )
  0x0000000021fb6800 JavaThread "Prism Font Disposer" daemon [_thread_blocked, id=7208, stack(0x0000000027f30000,0x0000000028030000)]
  0x0000000021b60800 JavaThread "Thread-3" daemon [_thread_in_native, id=15684, stack(0x0000000024680000,0x0000000024780000)]
  0x0000000021bc6000 JavaThread "JavaFX-Launcher" [_thread_blocked, id=17048, stack(0x0000000024780000,0x0000000024880000)]
  0x0000000021b12800 JavaThread "JavaFX Application Thread" [_thread_blocked, id=11196, stack(0x0000000022590000,0x0000000022690000)]
  0x0000000021b11800 JavaThread "Thread-1" daemon [_thread_blocked, id=6584, stack(0x0000000022490000,0x0000000022590000)]
  0x0000000021b37800 JavaThread "QuantumRenderer-0" daemon [_thread_blocked, id=14612, stack(0x00000000222b0000,0x00000000223b0000)]
  0x0000000020d81800 JavaThread "Service Thread" daemon [_thread_blocked, id=19280, stack(0x00000000218b0000,0x00000000219b0000)]
  0x0000000020d1a800 JavaThread "C1 CompilerThread3" daemon [_thread_blocked, id=19244, stack(0x00000000217b0000,0x00000000218b0000)]
  0x0000000020cf8000 JavaThread "C2 CompilerThread2" daemon [_thread_blocked, id=1840, stack(0x00000000216b0000,0x00000000217b0000)]
  0x0000000020cee000 JavaThread "C2 CompilerThread1" daemon [_thread_blocked, id=19268, stack(0x00000000215b0000,0x00000000216b0000)]
  0x0000000020cea800 JavaThread "C2 CompilerThread0" daemon [_thread_blocked, id=3772, stack(0x00000000214b0000,0x00000000215b0000)]
  0x0000000020ce8000 JavaThread "Attach Listener" daemon [_thread_blocked, id=2524, stack(0x00000000213b0000,0x00000000214b0000)]
  0x0000000020ce7000 JavaThread "Signal Dispatcher" daemon [_thread_blocked, id=13784, stack(0x00000000212b0000,0x00000000213b0000)]
  0x00000000053cd800 JavaThread "Finalizer" daemon [_thread_blocked, id=828, stack(0x00000000210c0000,0x00000000211c0000)]
  0x00000000053c4000 JavaThread "Reference Handler" daemon [_thread_blocked, id=3068, stack(0x0000000020bc0000,0x0000000020cc0000)]
  0x00000000052cd800 JavaThread "main" [_thread_blocked, id=14748, stack(0x0000000005180000,0x0000000005280000)]

Other Threads:
=>0x000000001ede9800 VMThread [stack: 0x0000000020ac0000,0x0000000020bc0000] [id=14304]

VM state:at safepoint (shutting down)

VM Mutex/Monitor currently owned by a thread:  ([mutex/lock_event])
[0x00000000052cc5d0] Threads_lock - owner thread: 0x000000001ede9800

Heap:
 PSYoungGen      total 76288K, used 61381K [0x000000076b400000, 0x0000000770900000, 0x00000007c0000000)
  eden space 65536K, 93% used [0x000000076b400000,0x000000076eff1420,0x000000076f400000)
  from space 10752K, 0% used [0x000000076fe80000,0x000000076fe80000,0x0000000770900000)
  to   space 10752K, 0% used [0x000000076f400000,0x000000076f400000,0x000000076fe80000)
 ParOldGen       total 175104K, used 0K [0x00000006c1c00000, 0x00000006cc700000, 0x000000076b400000)
  object space 175104K, 0% used [0x00000006c1c00000,0x00000006c1c00000,0x00000006cc700000)
 Metaspace       used 18836K, capacity 20212K, committed 20352K, reserved 1067008K
  class space    used 2854K, capacity 3109K, committed 3200K, reserved 1048576K

Card table byte_map: [0x0000000014790000,0x0000000014f90000] byte_map_base: 0x0000000011182000

Marking Bits: (ParMarkBitMap*) 0x000000006702d850
 Begin Bits: [0x0000000015ce0000, 0x0000000019c70000)
 End Bits:   [0x0000000019c70000, 0x000000001dc00000)

Polling page: 0x0000000003920000

CodeCache: size=245760Kb used=6550Kb max_used=6550Kb free=239209Kb
 bounds [0x00000000053d0000, 0x0000000005a40000, 0x00000000143d0000]
 total_blobs=2751 nmethods=2087 adapters=576
 compilation: enabled

Compilation events (10 events):
Event: 3.920 Thread 0x0000000020d1a800 nmethod 2083 0x0000000005a37610 code [0x0000000005a37760, 0x0000000005a379d0]
Event: 3.920 Thread 0x0000000020d1a800 2084       3       javafx.beans.property.ReadOnlyObjectWrapper$ReadOnlyPropertyImpl::get (8 bytes)
Event: 3.920 Thread 0x0000000020d1a800 nmethod 2084 0x0000000005a37a50 code [0x0000000005a37bc0, 0x0000000005a37f28]
Event: 3.920 Thread 0x0000000020d1a800 2085       1       com.sun.javafx.css.StyleManager::getInstance (4 bytes)
Event: 3.920 Thread 0x0000000020d1a800 nmethod 2085 0x0000000005a38050 code [0x0000000005a381a0, 0x0000000005a38290]
Event: 3.921 Thread 0x0000000020d1a800 2086   !   3       java.util.Collections$SynchronizedCollection::add (25 bytes)
Event: 3.921 Thread 0x0000000020d1a800 nmethod 2086 0x0000000005a38310 code [0x0000000005a38480, 0x0000000005a38848]
Event: 3.922 Thread 0x0000000020d1a800 2087       3       java.util.concurrent.locks.AbstractQueuedSynchronizer::release (33 bytes)
Event: 3.922 Thread 0x0000000020d1a800 nmethod 2087 0x0000000005a38990 code [0x0000000005a38b00, 0x0000000005a38e18]
Event: 3.922 Thread 0x0000000020d1a800 2088       3       java.util.LinkedList$ListItr::next (56 bytes)

GC Heap History (0 events):
No events

Deoptimization events (10 events):
Event: 2.836 Thread 0x0000000021b12800 Uncommon trap: reason=unstable_if action=reinterpret pc=0x00000000058a2fa4 method=jdk.internal.org.objectweb.asm.Item.isEqualTo(Ljdk/internal/org/objectweb/asm/Item;)Z @ 331
Event: 2.907 Thread 0x0000000021b12800 Uncommon trap: reason=array_check action=maybe_recompile pc=0x0000000005905bd8 method=com.sun.javafx.css.SimpleSelector.applies(Ljavafx/css/Styleable;[Ljava/util/Set;I)Z @ 37
Event: 2.907 Thread 0x0000000021b12800 Uncommon trap: reason=array_check action=maybe_recompile pc=0x0000000005909b9c method=com.sun.javafx.css.SimpleSelector.applies(Ljavafx/css/Styleable;[Ljava/util/Set;I)Z @ 37
Event: 2.907 Thread 0x0000000021b12800 Uncommon trap: reason=array_check action=maybe_recompile pc=0x0000000005909b9c method=com.sun.javafx.css.SimpleSelector.applies(Ljavafx/css/Styleable;[Ljava/util/Set;I)Z @ 37
Event: 2.907 Thread 0x0000000021b12800 Uncommon trap: reason=array_check action=maybe_recompile pc=0x0000000005909b9c method=com.sun.javafx.css.SimpleSelector.applies(Ljavafx/css/Styleable;[Ljava/util/Set;I)Z @ 37
Event: 2.908 Thread 0x0000000021b12800 Uncommon trap: reason=array_check action=maybe_recompile pc=0x0000000005905bd8 method=com.sun.javafx.css.SimpleSelector.applies(Ljavafx/css/Styleable;[Ljava/util/Set;I)Z @ 37
Event: 2.915 Thread 0x0000000021b12800 Uncommon trap: reason=unstable_if action=reinterpret pc=0x000000000584645c method=com.sun.javafx.css.BitSet.add(Ljava/lang/Object;)Z @ 91
Event: 2.922 Thread 0x0000000021b12800 Uncommon trap: reason=unstable_if action=reinterpret pc=0x000000000595ec10 method=javafx.scene.CssStyleHelper.lookup(Ljavafx/css/Styleable;Ljavafx/css/CssMetaData;Lcom/sun/javafx/css/StyleMap;Ljava/util/Set;Ljavafx/css/Styleable;Lcom/sun/javafx/css/Calcul
Event: 2.923 Thread 0x0000000021b12800 Uncommon trap: reason=unstable_if action=reinterpret pc=0x000000000580996c method=java.io.ByteArrayInputStream.read()I @ 8
Event: 2.965 Thread 0x0000000021b12800 Uncommon trap: reason=unstable_if action=reinterpret pc=0x0000000005936e64 method=com.sun.javafx.iio.common.SmoothMinifier.putSourceScanline([BI)Z @ 419

Internal exceptions (10 events):
Event: 0.621 Thread 0x0000000021b12800 Exception <a 'java/lang/ArrayIndexOutOfBoundsException'> (0x000000076ccf7ff8) thrown at [C:\re\workspace\8-2-build-windows-amd64-cygwin\jdk8u144\9417\hotspot\src\share\vm\runtime\sharedRuntime.cpp, line 605]
Event: 0.672 Thread 0x0000000021b12800 Exception <a 'java/io/FileNotFoundException'> (0x000000076cdcb728) thrown at [C:\re\workspace\8-2-build-windows-amd64-cygwin\jdk8u144\9417\hotspot\src\share\vm\prims\jni.cpp, line 709]
Event: 0.716 Thread 0x0000000021b12800 Exception <a 'java/lang/ArrayIndexOutOfBoundsException'> (0x000000076cf928e8) thrown at [C:\re\workspace\8-2-build-windows-amd64-cygwin\jdk8u144\9417\hotspot\src\share\vm\runtime\sharedRuntime.cpp, line 605]
Event: 0.717 Thread 0x0000000021b12800 Exception <a 'java/lang/ArrayIndexOutOfBoundsException'> (0x000000076cf938e8) thrown at [C:\re\workspace\8-2-build-windows-amd64-cygwin\jdk8u144\9417\hotspot\src\share\vm\runtime\sharedRuntime.cpp, line 605]
Event: 0.717 Thread 0x0000000021b12800 Exception <a 'java/lang/ArrayIndexOutOfBoundsException'> (0x000000076cf95158) thrown at [C:\re\workspace\8-2-build-windows-amd64-cygwin\jdk8u144\9417\hotspot\src\share\vm\runtime\sharedRuntime.cpp, line 605]
Event: 0.718 Thread 0x0000000021b12800 Exception <a 'java/lang/ArrayIndexOutOfBoundsException'> (0x000000076cf9e330) thrown at [C:\re\workspace\8-2-build-windows-amd64-cygwin\jdk8u144\9417\hotspot\src\share\vm\runtime\sharedRuntime.cpp, line 605]
Event: 0.766 Thread 0x0000000021b12800 Implicit null exception at 0x00000000056c6ff5 to 0x00000000056c721d
Event: 0.766 Thread 0x0000000021b12800 Implicit null exception at 0x00000000056cae18 to 0x00000000056caea6
Event: 0.805 Thread 0x0000000021b12800 Exception <a 'java/io/FileNotFoundException'> (0x000000076d485678) thrown at [C:\re\workspace\8-2-build-windows-amd64-cygwin\jdk8u144\9417\hotspot\src\share\vm\prims\jni.cpp, line 709]
Event: 3.922 Thread 0x00000000274c1800 Exception <a 'java/lang/IllegalStateException'> (0x000000076eeafd18) thrown at [C:\re\workspace\8-2-build-windows-amd64-cygwin\jdk8u144\9417\hotspot\src\share\vm\prims\jvm.cpp, line 1394]

Events (10 events):
Event: 3.921 loading class java/util/IdentityHashMap$IdentityHashMapIterator
Event: 3.921 loading class java/util/IdentityHashMap$IdentityHashMapIterator done
Event: 3.921 loading class java/util/IdentityHashMap$KeyIterator done
Event: 3.921 Thread 0x00000000274c1800 Thread added: 0x00000000274c1800
Event: 3.922 loading class com/sun/javafx/tk/quantum/QuantumRenderer
Event: 3.922 loading class com/sun/javafx/tk/quantum/QuantumRenderer done
Event: 3.922 loading class com/sun/javafx/tk/quantum/QuantumToolkit
Event: 3.922 loading class com/sun/javafx/tk/quantum/QuantumToolkit done
Event: 3.922 Thread 0x00000000274c1800 Thread exited: 0x00000000274c1800
Event: 3.922 Executing VM operation: Exit


Dynamic libraries:
0x00007ff7e9040000 - 0x00007ff7e9077000 	C:\Program Files\Java\jre1.8.0_144\bin\javaw.exe
0x00007ff84e3b0000 - 0x00007ff84e590000 	C:\WINDOWS\SYSTEM32\ntdll.dll
0x00007ff84d7e0000 - 0x00007ff84d88e000 	C:\WINDOWS\System32\KERNEL32.DLL
0x00007ff84b290000 - 0x00007ff84b4f6000 	C:\WINDOWS\System32\KERNELBASE.dll
0x00007ff84bb60000 - 0x00007ff84bc01000 	C:\WINDOWS\System32\ADVAPI32.dll
0x00007ff84ba50000 - 0x00007ff84baed000 	C:\WINDOWS\System32\msvcrt.dll
0x00007ff84e2b0000 - 0x00007ff84e30b000 	C:\WINDOWS\System32\sechost.dll
0x00007ff84c070000 - 0x00007ff84c18f000 	C:\WINDOWS\System32\RPCRT4.dll
0x00007ff84e120000 - 0x00007ff84e2af000 	C:\WINDOWS\System32\USER32.dll
0x00007ff84b0d0000 - 0x00007ff84b0f0000 	C:\WINDOWS\System32\win32u.dll
0x00007ff84b890000 - 0x00007ff84b8b8000 	C:\WINDOWS\System32\GDI32.dll
0x00007ff84b0f0000 - 0x00007ff84b283000 	C:\WINDOWS\System32\gdi32full.dll
0x00007ff84a800000 - 0x00007ff84a89b000 	C:\WINDOWS\System32\msvcp_win.dll
0x00007ff84b6d0000 - 0x00007ff84b7c5000 	C:\WINDOWS\System32\ucrtbase.dll
0x00007ff842150000 - 0x00007ff8423b9000 	C:\WINDOWS\WinSxS\amd64_microsoft.windows.common-controls_6595b64144ccf1df_6.0.16299.726_none_15ccdb369361144a\COMCTL32.dll
0x00007ff84bd60000 - 0x00007ff84c067000 	C:\WINDOWS\System32\combase.dll
0x00007ff84a8a0000 - 0x00007ff84a912000 	C:\WINDOWS\System32\bcryptPrimitives.dll
0x00007ff84b920000 - 0x00007ff84b94d000 	C:\WINDOWS\System32\IMM32.DLL
0x0000000064840000 - 0x0000000064912000 	C:\Program Files\Java\jre1.8.0_144\bin\msvcr100.dll
0x0000000066810000 - 0x00000000670ad000 	C:\Program Files\Java\jre1.8.0_144\bin\server\jvm.dll
0x00007ff84e310000 - 0x00007ff84e318000 	C:\WINDOWS\System32\PSAPI.DLL
0x00007ff843740000 - 0x00007ff843749000 	C:\WINDOWS\SYSTEM32\WSOCK32.dll
0x00007ff8427e0000 - 0x00007ff842803000 	C:\WINDOWS\SYSTEM32\WINMM.dll
0x00007ff841c90000 - 0x00007ff841c9a000 	C:\WINDOWS\SYSTEM32\VERSION.dll
0x00007ff84baf0000 - 0x00007ff84bb5c000 	C:\WINDOWS\System32\WS2_32.dll
0x00007ff8423c0000 - 0x00007ff8423ea000 	C:\WINDOWS\SYSTEM32\WINMMBASE.dll
0x00007ff84a7b0000 - 0x00007ff84a7fa000 	C:\WINDOWS\System32\cfgmgr32.dll
0x0000000066800000 - 0x000000006680f000 	C:\Program Files\Java\jre1.8.0_144\bin\verify.dll
0x00000000667d0000 - 0x00000000667f9000 	C:\Program Files\Java\jre1.8.0_144\bin\java.dll
0x00000000667b0000 - 0x00000000667c6000 	C:\Program Files\Java\jre1.8.0_144\bin\zip.dll
0x00007ff84c190000 - 0x00007ff84d5c8000 	C:\WINDOWS\System32\SHELL32.dll
0x00007ff84d890000 - 0x00007ff84d936000 	C:\WINDOWS\System32\shcore.dll
0x00007ff84a980000 - 0x00007ff84b0c7000 	C:\WINDOWS\System32\windows.storage.dll
0x00007ff84e320000 - 0x00007ff84e371000 	C:\WINDOWS\System32\shlwapi.dll
0x00007ff84a770000 - 0x00007ff84a781000 	C:\WINDOWS\System32\kernel.appcore.dll
0x00007ff84a720000 - 0x00007ff84a76c000 	C:\WINDOWS\System32\powrprof.dll
0x00007ff84a700000 - 0x00007ff84a71b000 	C:\WINDOWS\System32\profapi.dll
0x00007fffe1b20000 - 0x00007fffe1c0f000 	C:\Program Files\Java\jre1.8.0_144\bin\msvcr120.dll
0x00007ff812900000 - 0x00007ff8129a6000 	C:\Program Files\Java\jre1.8.0_144\bin\msvcp120.dll
0x0000000068b10000 - 0x0000000068b32000 	C:\Program Files\Java\jre1.8.0_144\bin\prism_d3d.dll
0x00007ff80a660000 - 0x00007ff80a7f5000 	C:\WINDOWS\system32\d3d9.dll
0x00007ff848b90000 - 0x00007ff848bba000 	C:\WINDOWS\SYSTEM32\dwmapi.dll
0x00007ff848aa0000 - 0x00007ff848b35000 	C:\WINDOWS\system32\uxtheme.dll
0x00000000647f0000 - 0x0000000064833000 	C:\Program Files\Java\jre1.8.0_144\bin\glass.dll
0x00007ff84dae0000 - 0x00007ff84dbea000 	C:\WINDOWS\System32\COMDLG32.dll
0x00007ff84bc10000 - 0x00007ff84bd59000 	C:\WINDOWS\System32\ole32.dll
0x00007ff84e050000 - 0x00007ff84e115000 	C:\WINDOWS\System32\OLEAUT32.dll
0x00007ff84d5f0000 - 0x00007ff84d757000 	C:\WINDOWS\System32\MSCTF.dll
0x00000000647d0000 - 0x00000000647e4000 	C:\Program Files\Java\jre1.8.0_144\bin\javafx_font.dll
0x00007ff823fd0000 - 0x00007ff8242e1000 	C:\WINDOWS\SYSTEM32\dwrite.dll
0x00007ff84b950000 - 0x00007ff84b9ee000 	C:\WINDOWS\System32\clbcatq.dll
0x00007ff8258c0000 - 0x00007ff825a6c000 	C:\WINDOWS\SYSTEM32\WindowsCodecs.dll
0x00007ff81a330000 - 0x00007ff81a37f000 	C:\WINDOWS\system32\dataexchange.dll
0x00007ff842620000 - 0x00007ff842762000 	C:\WINDOWS\system32\dcomp.dll
0x00007ff842bc0000 - 0x00007ff842ea2000 	C:\WINDOWS\system32\d3d11.dll
0x00007ff849590000 - 0x00007ff84963f000 	C:\WINDOWS\system32\dxgi.dll
0x00007ff848cf0000 - 0x00007ff848e6b000 	C:\WINDOWS\system32\twinapi.appcore.dll
0x00007ff848e70000 - 0x00007ff848e90000 	C:\WINDOWS\system32\RMCLIENT.dll
0x00007ff84a260000 - 0x00007ff84a285000 	C:\WINDOWS\system32\bcrypt.dll
0x00007ff80cf20000 - 0x00007ff80cf54000 	C:\Program Files\Common Files\Microsoft Shared\Ink\rtscom.dll
0x00007ff827210000 - 0x00007ff8272a8000 	C:\WINDOWS\System32\TextInputFramework.dll
0x00007ff826f20000 - 0x00007ff82720e000 	C:\WINDOWS\System32\CoreUIComponents.dll
0x00007ff843ad0000 - 0x00007ff843bac000 	C:\WINDOWS\System32\CoreMessaging.dll
0x00007ff8497e0000 - 0x00007ff849811000 	C:\WINDOWS\SYSTEM32\ntmarta.dll
0x00007ff8461b0000 - 0x00007ff8462e6000 	C:\WINDOWS\SYSTEM32\wintypes.dll
0x00000000647b0000 - 0x00000000647c1000 	C:\Program Files\Java\jre1.8.0_144\bin\prism_common.dll
0x00007ff843bb0000 - 0x00007ff843d78000 	C:\WINDOWS\SYSTEM32\dbghelp.dll

VM Arguments:
jvm_args: -Dfile.encoding=Cp1252 
java_command: application_v2.Main
java_class_path (initial): C:\Users\msrober3\Documents\GitHub\file-transfer-repository\bin;C:\Users\msrober3\.p2\pool\plugins\org.eclipse.fx.ide.css.jfx8_3.4.1.201810030906.jar;C:\Program Files\Java\json-simple-1.1.1.jar;C:\Program Files\Java\joda-time-2.9.4\joda-time-2.9.4.jar
Launcher Type: SUN_STANDARD

Environment Variables:
PATH=C:/Program Files/Java/jre1.8.0_144/bin/server;C:/Program Files/Java/jre1.8.0_144/bin;C:/Program Files/Java/jre1.8.0_144/lib/amd64;C:\Program Files\Microsoft MPI\Bin\;C:\ProgramData\Oracle\Java\javapath;C:\WINDOWS\system32;C:\WINDOWS;C:\WINDOWS\System32\Wbem;C:\WINDOWS\System32\WindowsPowerShell\v1.0\;C:\Program Files (x86)\Microsoft SQL Server\140\Tools\Binn\;C:\Program Files\Microsoft SQL Server\140\Tools\Binn\;C:\Program Files (x86)\Microsoft SQL Server\140\DTS\Binn\;C:\Program Files\Microsoft SQL Server\140\DTS\Binn\;C:\Program Files\Microsoft SQL Server\Client SDK\ODBC\130\Tools\Binn\;C:\Program Files (x86)\Microsoft SQL Server\Client SDK\ODBC\130\Tools\Binn\;C:\Program Files (x86)\Microsoft SQL Server\140\Tools\Binn\ManagementStudio\;C:\Program Files\Common Files\Autodesk Shared\;C:\Program Files (x86)\Autodesk\Backburner\;C:\cygwin64\bin;C:\Program Files\nodejs\;C:\Program Files\Git\cmd;C:\Users\msrober3\AppData\Local\Microsoft\WindowsApps;C:\Users\msrober3\AppData\Local\atom\bin;C:\Users\msrober3\AppData\Roaming\npm;C:\Users\msrober3\AppData\Local\GitHubDesktop\bin;C:\Users\msrober3\AppData\Local\Microsoft\WindowsApps;C:\gradle-4.10.3-all\gradle-4.10.3\bin;;C:\WINDOWS\system32;
USERNAME=msrober3
OS=Windows_NT
PROCESSOR_IDENTIFIER=Intel64 Family 6 Model 58 Stepping 9, GenuineIntel



---------------  S Y S T E M  ---------------

OS: Windows 10.0 , 64 bit Build 16299 (10.0.16299.431)

CPU:total 8 (initial active 8) (4 cores per cpu, 2 threads per core) family 6 model 58 stepping 9, cmov, cx8, fxsr, mmx, sse, sse2, sse3, ssse3, sse4.1, sse4.2, popcnt, avx, aes, clmul, erms, ht, tsc, tscinvbit, tscinv

Memory: 4k page, physical 16660980k(6957376k free), swap 22189236k(3069816k free)

vm_info: Java HotSpot(TM) 64-Bit Server VM (25.144-b01) for windows-amd64 JRE (1.8.0_144-b01), built on Jul 21 2017 21:57:33 by "java_re" with MS VC++ 10.0 (VS2010)

time: Tue Mar 05 14:37:45 2019
elapsed time: 4 seconds (0d 0h 0m 4s)

