#
# A fatal error has been detected by the Java Runtime Environment:
#
#  EXCEPTION_ACCESS_VIOLATION (0xc0000005) at pc=0x000000006481584a, pid=19280, tid=0x0000000000001248
#
# JRE version: Java(TM) SE Runtime Environment (8.0_144-b01) (build 1.8.0_144-b01)
# Java VM: Java HotSpot(TM) 64-Bit Server VM (25.144-b01 mixed mode windows-amd64 compressed oops)
# Problematic frame:
# C  [glass.dll+0x2584a]
#
# Failed to write core dump. Minidumps are not enabled by default on client versions of Windows
#
# If you would like to submit a bug report, please visit:
#   http://bugreport.java.com/bugreport/crash.jsp
#

---------------  T H R E A D  ---------------

Current thread (0x000000001ed59000):  VMThread [stack: 0x0000000020a30000,0x0000000020b30000] [id=4680]

siginfo: ExceptionCode=0xc0000005, reading address 0x0000000000000000

Registers:
RAX=0x0000000000000000, RBX=0x0000000021b748f8, RCX=0x000000001ed59000, RDX=0x0000000021b748f8
RSP=0x0000000020b2f270, RBP=0x00000000033d5d40, RSI=0x0000000000000001, RDI=0x0000000000000000
R8 =0x0000000000010002, R9 =0x00000000033d5d40, R10=0x0000000000000000, R11=0x0000000000000246
R12=0x00000000033d5d70, R13=0x00000000033d5d40, R14=0x00000000033d5d50, R15=0x0000000000000000
RIP=0x000000006481584a, EFLAGS=0x0000000000010202

Top of Stack: (sp=0x0000000020b2f270)
0x0000000020b2f270:   0000000000000000 0000000064815900
0x0000000020b2f280:   0000000000000000 00000000033d5d40
0x0000000020b2f290:   0000000064815830 0000000064813224
0x0000000020b2f2a0:   00000000648291b0 00007ff89ed59ca5
0x0000000020b2f2b0:   0000000000000001 000000001ebe5400
0x0000000020b2f2c0:   0000000000000001 00000000647f0000
0x0000000020b2f2d0:   00000000051c1638 00000000648134a6
0x0000000020b2f2e0:   0000000000000001 000000001ebe5400
0x0000000020b2f2f0:   0000000000000000 0000000064813384
0x0000000020b2f300:   c000000500000001 0000000020b2e3c0
0x0000000020b2f310:   00000000647f0000 00007ff84e3e1273
0x0000000020b2f320:   000000007ffe0385 0000000000000000
0x0000000020b2f330:   000000007ffe0384 000000007ffe0385
0x0000000020b2f340:   00000000010ad000 00007ff84e42648a
0x0000000020b2f350:   0000435dbf0bef00 00000000033cb600
0x0000000020b2f360:   0000000000000000 0000000000000000 

Instructions: (pc=0x000000006481584a)
0x000000006481582a:   83 c4 20 5d c3 cc 40 53 48 83 ec 20 48 8b 1d cb
0x000000006481583a:   5b 01 00 48 85 db 74 1a e8 19 93 ff ff 48 8b d3
0x000000006481584a:   4c 8b 00 48 8b c8 48 83 c4 20 5b 49 ff a0 b0 00
0x000000006481585a:   00 00 48 83 c4 20 5b c3 cc cc cc cc cc cc cc cc 


Register to memory mapping:

RAX=0x0000000000000000 is an unknown value
RBX=0x0000000021b748f8 is a global jni handle
RCX=0x000000001ed59000 is an unknown value
RDX=0x0000000021b748f8 is a global jni handle
RSP=0x0000000020b2f270 is an unknown value
RBP=0x00000000033d5d40 is an unknown value
RSI=0x0000000000000001 is an unknown value
RDI=0x0000000000000000 is an unknown value
R8 =0x0000000000010002 is an unknown value
R9 =0x00000000033d5d40 is an unknown value
R10=0x0000000000000000 is an unknown value
R11=0x0000000000000246 is an unknown value
R12=0x00000000033d5d70 is an unknown value
R13=0x00000000033d5d40 is an unknown value
R14=0x00000000033d5d50 is an unknown value
R15=0x0000000000000000 is an unknown value


Stack: [0x0000000020a30000,0x0000000020b30000],  sp=0x0000000020b2f270,  free space=1020k
Native frames: (J=compiled Java code, j=interpreted, Vv=VM code, C=native code)
C  [glass.dll+0x2584a]
C  [glass.dll+0x23224]
C  [glass.dll+0x234a6]
C  [ntdll.dll+0x31273]
C  [ntdll.dll+0x762d5]
C  [ntdll.dll+0x76194]
C  [KERNEL32.DLL+0xf06a]
C  [msvcr100.dll+0x20ccd]
V  [jvm.dll+0x213145]
V  [jvm.dll+0x24c127]
V  [jvm.dll+0x24b3c6]
V  [jvm.dll+0x24b861]
V  [jvm.dll+0x24ba7e]
V  [jvm.dll+0x29ca6a]
C  [msvcr100.dll+0x21d9f]
C  [msvcr100.dll+0x21e3b]
C  [KERNEL32.DLL+0x11fe4]
C  [ntdll.dll+0x6cb31]

VM_Operation (0x00000000225d9960): Exit, mode: safepoint, requested by thread 0x0000000021a94000


---------------  P R O C E S S  ---------------

Java Threads: ( => current thread )
  0x0000000021fb8000 JavaThread "Prism Font Disposer" daemon [_thread_blocked, id=14632, stack(0x0000000027e00000,0x0000000027f00000)]
  0x0000000021b24800 JavaThread "Thread-3" daemon [_thread_in_native, id=7128, stack(0x0000000024570000,0x0000000024670000)]
  0x0000000021b7c800 JavaThread "JavaFX-Launcher" [_thread_blocked, id=17560, stack(0x0000000024670000,0x0000000024770000)]
  0x0000000021a94000 JavaThread "JavaFX Application Thread" [_thread_blocked, id=1592, stack(0x00000000224e0000,0x00000000225e0000)]
  0x0000000021a93000 JavaThread "Thread-1" daemon [_thread_blocked, id=7156, stack(0x00000000223e0000,0x00000000224e0000)]
  0x0000000021a56000 JavaThread "QuantumRenderer-0" daemon [_thread_blocked, id=17052, stack(0x0000000022220000,0x0000000022320000)]
  0x0000000020cf0800 JavaThread "Service Thread" daemon [_thread_blocked, id=9464, stack(0x0000000021820000,0x0000000021920000)]
  0x0000000020c6e800 JavaThread "C1 CompilerThread3" daemon [_thread_blocked, id=15248, stack(0x0000000021720000,0x0000000021820000)]
  0x0000000020c60800 JavaThread "C2 CompilerThread2" daemon [_thread_blocked, id=16160, stack(0x0000000021620000,0x0000000021720000)]
  0x0000000020c5f000 JavaThread "C2 CompilerThread1" daemon [_thread_blocked, id=14648, stack(0x0000000021520000,0x0000000021620000)]
  0x0000000020c5b000 JavaThread "C2 CompilerThread0" daemon [_thread_blocked, id=14132, stack(0x0000000021420000,0x0000000021520000)]
  0x0000000020c59000 JavaThread "Attach Listener" daemon [_thread_blocked, id=17000, stack(0x0000000021320000,0x0000000021420000)]
  0x0000000020c58000 JavaThread "Signal Dispatcher" daemon [_thread_blocked, id=700, stack(0x0000000021220000,0x0000000021320000)]
  0x0000000005339000 JavaThread "Finalizer" daemon [_thread_blocked, id=15856, stack(0x0000000021030000,0x0000000021130000)]
  0x0000000005336000 JavaThread "Reference Handler" daemon [_thread_blocked, id=2412, stack(0x0000000020b30000,0x0000000020c30000)]
  0x00000000051cd800 JavaThread "main" [_thread_blocked, id=2476, stack(0x0000000005040000,0x0000000005140000)]

Other Threads:
=>0x000000001ed59000 VMThread [stack: 0x0000000020a30000,0x0000000020b30000] [id=4680]

VM state:at safepoint (shutting down)

VM Mutex/Monitor currently owned by a thread:  ([mutex/lock_event])
[0x00000000051cc9d0] Threads_lock - owner thread: 0x000000001ed59000

Heap:
 PSYoungGen      total 76288K, used 61381K [0x000000076b400000, 0x0000000770900000, 0x00000007c0000000)
  eden space 65536K, 93% used [0x000000076b400000,0x000000076eff16d0,0x000000076f400000)
  from space 10752K, 0% used [0x000000076fe80000,0x000000076fe80000,0x0000000770900000)
  to   space 10752K, 0% used [0x000000076f400000,0x000000076f400000,0x000000076fe80000)
 ParOldGen       total 175104K, used 0K [0x00000006c1c00000, 0x00000006cc700000, 0x000000076b400000)
  object space 175104K, 0% used [0x00000006c1c00000,0x00000006c1c00000,0x00000006cc700000)
 Metaspace       used 18882K, capacity 20282K, committed 20608K, reserved 1067008K
  class space    used 2850K, capacity 3108K, committed 3200K, reserved 1048576K

Card table byte_map: [0x0000000014700000,0x0000000014f00000] byte_map_base: 0x00000000110f2000

Marking Bits: (ParMarkBitMap*) 0x000000006702d850
 Begin Bits: [0x0000000015c50000, 0x0000000019be0000)
 End Bits:   [0x0000000019be0000, 0x000000001db70000)

Polling page: 0x0000000003370000

CodeCache: size=245760Kb used=6710Kb max_used=6710Kb free=239049Kb
 bounds [0x0000000005340000, 0x00000000059e0000, 0x0000000014340000]
 total_blobs=2809 nmethods=2145 adapters=576
 compilation: enabled

Compilation events (10 events):
Event: 4.729 Thread 0x0000000020c6e800 nmethod 2142 0x00000000059cf0d0 code [0x00000000059cf220, 0x00000000059cf310]
Event: 4.740 Thread 0x0000000020c6e800 2143       3       javafx.scene.Scene::getFocusOwner (11 bytes)
Event: 4.740 Thread 0x0000000020c6e800 nmethod 2143 0x00000000059cf390 code [0x00000000059cf520, 0x00000000059cf968]
Event: 4.744 Thread 0x0000000020c6e800 2144       3       java.lang.invoke.MethodHandles$Lookup::findStatic (27 bytes)
Event: 4.744 Thread 0x0000000020c6e800 nmethod 2144 0x00000000059cfa90 code [0x00000000059cfc20, 0x00000000059cffc8]
Event: 4.744 Thread 0x0000000020c6e800 2145       3       java.util.concurrent.locks.ReentrantLock$Sync::tryRelease (45 bytes)
Event: 4.744 Thread 0x0000000020c6e800 nmethod 2145 0x00000000059d0110 code [0x00000000059d02a0, 0x00000000059d0848]
Event: 4.746 Thread 0x0000000020c6e800 2146       3       com.sun.javafx.tk.quantum.QuantumToolkit::requestNextPulse (9 bytes)
Event: 4.746 Thread 0x0000000020c6e800 nmethod 2146 0x00000000059d0990 code [0x00000000059d0b00, 0x00000000059d0d70]
Event: 4.747 Thread 0x0000000020c6e800 2147       3       java.util.LinkedList$ListItr::next (56 bytes)

GC Heap History (0 events):
No events

Deoptimization events (10 events):
Event: 1.327 Thread 0x0000000021a94000 Uncommon trap: reason=unstable_if action=reinterpret pc=0x00000000057c6d50 method=java.util.HashMap.isEmpty()Z @ 4
Event: 1.425 Thread 0x0000000021a56000 Uncommon trap: reason=class_check action=maybe_recompile pc=0x000000000571edc0 method=java.io.BufferedInputStream.read1([BII)I @ 39
Event: 1.425 Thread 0x0000000021a56000 Uncommon trap: reason=unstable_if action=reinterpret pc=0x000000000571eb90 method=java.io.BufferedInputStream.read1([BII)I @ 60
Event: 2.589 Thread 0x0000000021a94000 Uncommon trap: reason=unstable_if action=reinterpret pc=0x0000000005659bf8 method=jdk.internal.org.objectweb.asm.Type.getArgumentsAndReturnSizes(Ljava/lang/String;)I @ 47
Event: 2.594 Thread 0x0000000021a94000 Uncommon trap: reason=unstable_if action=reinterpret pc=0x000000000581aea4 method=jdk.internal.org.objectweb.asm.Item.isEqualTo(Ljdk/internal/org/objectweb/asm/Item;)Z @ 331
Event: 2.686 Thread 0x0000000021a94000 Uncommon trap: reason=array_check action=maybe_recompile pc=0x00000000058a834c method=com.sun.javafx.css.SimpleSelector.applies(Ljavafx/css/Styleable;[Ljava/util/Set;I)Z @ 37
Event: 2.694 Thread 0x0000000021a94000 Uncommon trap: reason=unstable_if action=reinterpret pc=0x00000000057c839c method=com.sun.javafx.css.BitSet.add(Ljava/lang/Object;)Z @ 91
Event: 2.701 Thread 0x0000000021a94000 Uncommon trap: reason=unstable_if action=reinterpret pc=0x00000000058e1b50 method=javafx.scene.CssStyleHelper.lookup(Ljavafx/css/Styleable;Ljavafx/css/CssMetaData;Lcom/sun/javafx/css/StyleMap;Ljava/util/Set;Ljavafx/css/Styleable;Lcom/sun/javafx/css/Calcul
Event: 2.701 Thread 0x0000000021a94000 Uncommon trap: reason=unstable_if action=reinterpret pc=0x00000000057a7aec method=java.io.ByteArrayInputStream.read()I @ 8
Event: 2.741 Thread 0x0000000021a94000 Uncommon trap: reason=unstable_if action=reinterpret pc=0x00000000058c0544 method=com.sun.javafx.iio.common.SmoothMinifier.putSourceScanline([BI)Z @ 419

Internal exceptions (10 events):
Event: 0.673 Thread 0x0000000021a94000 Exception <a 'java/lang/ArrayIndexOutOfBoundsException'> (0x000000076ccf8308) thrown at [C:\re\workspace\8-2-build-windows-amd64-cygwin\jdk8u144\9417\hotspot\src\share\vm\runtime\sharedRuntime.cpp, line 605]
Event: 0.726 Thread 0x0000000021a94000 Exception <a 'java/io/FileNotFoundException'> (0x000000076cdcba48) thrown at [C:\re\workspace\8-2-build-windows-amd64-cygwin\jdk8u144\9417\hotspot\src\share\vm\prims\jni.cpp, line 709]
Event: 0.775 Thread 0x0000000021a94000 Exception <a 'java/lang/ArrayIndexOutOfBoundsException'> (0x000000076cf92878) thrown at [C:\re\workspace\8-2-build-windows-amd64-cygwin\jdk8u144\9417\hotspot\src\share\vm\runtime\sharedRuntime.cpp, line 605]
Event: 0.775 Thread 0x0000000021a94000 Exception <a 'java/lang/ArrayIndexOutOfBoundsException'> (0x000000076cf93878) thrown at [C:\re\workspace\8-2-build-windows-amd64-cygwin\jdk8u144\9417\hotspot\src\share\vm\runtime\sharedRuntime.cpp, line 605]
Event: 0.776 Thread 0x0000000021a94000 Exception <a 'java/lang/ArrayIndexOutOfBoundsException'> (0x000000076cf950e8) thrown at [C:\re\workspace\8-2-build-windows-amd64-cygwin\jdk8u144\9417\hotspot\src\share\vm\runtime\sharedRuntime.cpp, line 605]
Event: 0.777 Thread 0x0000000021a94000 Exception <a 'java/lang/ArrayIndexOutOfBoundsException'> (0x000000076cf9dc20) thrown at [C:\re\workspace\8-2-build-windows-amd64-cygwin\jdk8u144\9417\hotspot\src\share\vm\runtime\sharedRuntime.cpp, line 605]
Event: 0.835 Thread 0x0000000021a94000 Implicit null exception at 0x0000000005639ab5 to 0x0000000005639ce5
Event: 0.835 Thread 0x0000000021a94000 Implicit null exception at 0x000000000563aa58 to 0x000000000563aae6
Event: 0.879 Thread 0x0000000021a94000 Exception <a 'java/io/FileNotFoundException'> (0x000000076d485910) thrown at [C:\re\workspace\8-2-build-windows-amd64-cygwin\jdk8u144\9417\hotspot\src\share\vm\prims\jni.cpp, line 709]
Event: 4.747 Thread 0x0000000026bd8000 Exception <a 'java/lang/IllegalStateException'> (0x000000076eeaffc8) thrown at [C:\re\workspace\8-2-build-windows-amd64-cygwin\jdk8u144\9417\hotspot\src\share\vm\prims\jvm.cpp, line 1394]

Events (10 events):
Event: 4.746 loading class java/util/IdentityHashMap$IdentityHashMapIterator
Event: 4.746 loading class java/util/IdentityHashMap$IdentityHashMapIterator done
Event: 4.746 loading class java/util/IdentityHashMap$KeyIterator done
Event: 4.747 Thread 0x0000000026bd8000 Thread added: 0x0000000026bd8000
Event: 4.747 loading class com/sun/javafx/tk/quantum/QuantumRenderer
Event: 4.747 loading class com/sun/javafx/tk/quantum/QuantumRenderer done
Event: 4.747 loading class com/sun/javafx/tk/quantum/QuantumToolkit
Event: 4.747 loading class com/sun/javafx/tk/quantum/QuantumToolkit done
Event: 4.747 Thread 0x0000000026bd8000 Thread exited: 0x0000000026bd8000
Event: 4.748 Executing VM operation: Exit


Dynamic libraries:
0x00007ff7e9040000 - 0x00007ff7e9077000 	C:\Program Files\Java\jre1.8.0_144\bin\javaw.exe
0x00007ff84e3b0000 - 0x00007ff84e590000 	C:\WINDOWS\SYSTEM32\ntdll.dll
0x00007ff84d7e0000 - 0x00007ff84d88e000 	C:\WINDOWS\System32\KERNEL32.DLL
0x00007ff84b290000 - 0x00007ff84b4f6000 	C:\WINDOWS\System32\KERNELBASE.dll
0x00007ff84bb60000 - 0x00007ff84bc01000 	C:\WINDOWS\System32\ADVAPI32.dll
0x00007ff84ba50000 - 0x00007ff84baed000 	C:\WINDOWS\System32\msvcrt.dll
0x00007ff84e2b0000 - 0x00007ff84e30b000 	C:\WINDOWS\System32\sechost.dll
0x00007ff84c070000 - 0x00007ff84c18f000 	C:\WINDOWS\System32\RPCRT4.dll
0x00007ff84e120000 - 0x00007ff84e2af000 	C:\WINDOWS\System32\USER32.dll
0x00007ff84b0d0000 - 0x00007ff84b0f0000 	C:\WINDOWS\System32\win32u.dll
0x00007ff84b890000 - 0x00007ff84b8b8000 	C:\WINDOWS\System32\GDI32.dll
0x00007ff84b0f0000 - 0x00007ff84b283000 	C:\WINDOWS\System32\gdi32full.dll
0x00007ff84a800000 - 0x00007ff84a89b000 	C:\WINDOWS\System32\msvcp_win.dll
0x00007ff84b6d0000 - 0x00007ff84b7c5000 	C:\WINDOWS\System32\ucrtbase.dll
0x00007ff842150000 - 0x00007ff8423b9000 	C:\WINDOWS\WinSxS\amd64_microsoft.windows.common-controls_6595b64144ccf1df_6.0.16299.726_none_15ccdb369361144a\COMCTL32.dll
0x00007ff84bd60000 - 0x00007ff84c067000 	C:\WINDOWS\System32\combase.dll
0x00007ff84a8a0000 - 0x00007ff84a912000 	C:\WINDOWS\System32\bcryptPrimitives.dll
0x00007ff84b920000 - 0x00007ff84b94d000 	C:\WINDOWS\System32\IMM32.DLL
0x0000000064840000 - 0x0000000064912000 	C:\Program Files\Java\jre1.8.0_144\bin\msvcr100.dll
0x0000000066810000 - 0x00000000670ad000 	C:\Program Files\Java\jre1.8.0_144\bin\server\jvm.dll
0x00007ff84e310000 - 0x00007ff84e318000 	C:\WINDOWS\System32\PSAPI.DLL
0x00007ff843740000 - 0x00007ff843749000 	C:\WINDOWS\SYSTEM32\WSOCK32.dll
0x00007ff8427e0000 - 0x00007ff842803000 	C:\WINDOWS\SYSTEM32\WINMM.dll
0x00007ff841c90000 - 0x00007ff841c9a000 	C:\WINDOWS\SYSTEM32\VERSION.dll
0x00007ff84baf0000 - 0x00007ff84bb5c000 	C:\WINDOWS\System32\WS2_32.dll
0x00007ff8423c0000 - 0x00007ff8423ea000 	C:\WINDOWS\SYSTEM32\WINMMBASE.dll
0x00007ff84a7b0000 - 0x00007ff84a7fa000 	C:\WINDOWS\System32\cfgmgr32.dll
0x0000000066800000 - 0x000000006680f000 	C:\Program Files\Java\jre1.8.0_144\bin\verify.dll
0x00000000667d0000 - 0x00000000667f9000 	C:\Program Files\Java\jre1.8.0_144\bin\java.dll
0x00000000667b0000 - 0x00000000667c6000 	C:\Program Files\Java\jre1.8.0_144\bin\zip.dll
0x00007ff84c190000 - 0x00007ff84d5c8000 	C:\WINDOWS\System32\SHELL32.dll
0x00007ff84d890000 - 0x00007ff84d936000 	C:\WINDOWS\System32\shcore.dll
0x00007ff84a980000 - 0x00007ff84b0c7000 	C:\WINDOWS\System32\windows.storage.dll
0x00007ff84e320000 - 0x00007ff84e371000 	C:\WINDOWS\System32\shlwapi.dll
0x00007ff84a770000 - 0x00007ff84a781000 	C:\WINDOWS\System32\kernel.appcore.dll
0x00007ff84a720000 - 0x00007ff84a76c000 	C:\WINDOWS\System32\powrprof.dll
0x00007ff84a700000 - 0x00007ff84a71b000 	C:\WINDOWS\System32\profapi.dll
0x00007fffe1b20000 - 0x00007fffe1c0f000 	C:\Program Files\Java\jre1.8.0_144\bin\msvcr120.dll
0x00007ff812900000 - 0x00007ff8129a6000 	C:\Program Files\Java\jre1.8.0_144\bin\msvcp120.dll
0x0000000068b10000 - 0x0000000068b32000 	C:\Program Files\Java\jre1.8.0_144\bin\prism_d3d.dll
0x00007ff80a660000 - 0x00007ff80a7f5000 	C:\WINDOWS\system32\d3d9.dll
0x00007ff848b90000 - 0x00007ff848bba000 	C:\WINDOWS\SYSTEM32\dwmapi.dll
0x00007ff848aa0000 - 0x00007ff848b35000 	C:\WINDOWS\system32\uxtheme.dll
0x00000000647f0000 - 0x0000000064833000 	C:\Program Files\Java\jre1.8.0_144\bin\glass.dll
0x00007ff84dae0000 - 0x00007ff84dbea000 	C:\WINDOWS\System32\COMDLG32.dll
0x00007ff84bc10000 - 0x00007ff84bd59000 	C:\WINDOWS\System32\ole32.dll
0x00007ff84e050000 - 0x00007ff84e115000 	C:\WINDOWS\System32\OLEAUT32.dll
0x00007ff84d5f0000 - 0x00007ff84d757000 	C:\WINDOWS\System32\MSCTF.dll
0x00000000647d0000 - 0x00000000647e4000 	C:\Program Files\Java\jre1.8.0_144\bin\javafx_font.dll
0x00007ff823fd0000 - 0x00007ff8242e1000 	C:\WINDOWS\SYSTEM32\dwrite.dll
0x00007ff84b950000 - 0x00007ff84b9ee000 	C:\WINDOWS\System32\clbcatq.dll
0x00007ff8258c0000 - 0x00007ff825a6c000 	C:\WINDOWS\SYSTEM32\WindowsCodecs.dll
0x00007ff81a330000 - 0x00007ff81a37f000 	C:\WINDOWS\system32\dataexchange.dll
0x00007ff842bc0000 - 0x00007ff842ea2000 	C:\WINDOWS\system32\d3d11.dll
0x00007ff842620000 - 0x00007ff842762000 	C:\WINDOWS\system32\dcomp.dll
0x00007ff849590000 - 0x00007ff84963f000 	C:\WINDOWS\system32\dxgi.dll
0x00007ff848cf0000 - 0x00007ff848e6b000 	C:\WINDOWS\system32\twinapi.appcore.dll
0x00007ff84a260000 - 0x00007ff84a285000 	C:\WINDOWS\system32\bcrypt.dll
0x00007ff848e70000 - 0x00007ff848e90000 	C:\WINDOWS\system32\RMCLIENT.dll
0x00007ff80cf20000 - 0x00007ff80cf54000 	C:\Program Files\Common Files\Microsoft Shared\Ink\rtscom.dll
0x00007ff827210000 - 0x00007ff8272a8000 	C:\WINDOWS\System32\TextInputFramework.dll
0x00007ff826f20000 - 0x00007ff82720e000 	C:\WINDOWS\System32\CoreUIComponents.dll
0x00007ff843ad0000 - 0x00007ff843bac000 	C:\WINDOWS\System32\CoreMessaging.dll
0x00007ff8497e0000 - 0x00007ff849811000 	C:\WINDOWS\SYSTEM32\ntmarta.dll
0x00007ff8461b0000 - 0x00007ff8462e6000 	C:\WINDOWS\SYSTEM32\wintypes.dll
0x00000000647b0000 - 0x00000000647c1000 	C:\Program Files\Java\jre1.8.0_144\bin\prism_common.dll
0x00007ff843bb0000 - 0x00007ff843d78000 	C:\WINDOWS\SYSTEM32\dbghelp.dll

VM Arguments:
jvm_args: -Dfile.encoding=Cp1252 
java_command: application_v2.Main
java_class_path (initial): C:\Users\msrober3\Documents\GitHub\file-transfer-repository\bin;C:\Users\msrober3\.p2\pool\plugins\org.eclipse.fx.ide.css.jfx8_3.4.1.201810030906.jar;C:\Program Files\Java\json-simple-1.1.1.jar;C:\Program Files\Java\joda-time-2.9.4\joda-time-2.9.4.jar
Launcher Type: SUN_STANDARD

Environment Variables:
PATH=C:/Program Files/Java/jre1.8.0_144/bin/server;C:/Program Files/Java/jre1.8.0_144/bin;C:/Program Files/Java/jre1.8.0_144/lib/amd64;C:\Program Files\Microsoft MPI\Bin\;C:\ProgramData\Oracle\Java\javapath;C:\WINDOWS\system32;C:\WINDOWS;C:\WINDOWS\System32\Wbem;C:\WINDOWS\System32\WindowsPowerShell\v1.0\;C:\Program Files (x86)\Microsoft SQL Server\140\Tools\Binn\;C:\Program Files\Microsoft SQL Server\140\Tools\Binn\;C:\Program Files (x86)\Microsoft SQL Server\140\DTS\Binn\;C:\Program Files\Microsoft SQL Server\140\DTS\Binn\;C:\Program Files\Microsoft SQL Server\Client SDK\ODBC\130\Tools\Binn\;C:\Program Files (x86)\Microsoft SQL Server\Client SDK\ODBC\130\Tools\Binn\;C:\Program Files (x86)\Microsoft SQL Server\140\Tools\Binn\ManagementStudio\;C:\Program Files\Common Files\Autodesk Shared\;C:\Program Files (x86)\Autodesk\Backburner\;C:\cygwin64\bin;C:\Program Files\nodejs\;C:\Program Files\Git\cmd;C:\Users\msrober3\AppData\Local\Microsoft\WindowsApps;C:\Users\msrober3\AppData\Local\atom\bin;C:\Users\msrober3\AppData\Roaming\npm;C:\Users\msrober3\AppData\Local\GitHubDesktop\bin;C:\Users\msrober3\AppData\Local\Microsoft\WindowsApps;C:\gradle-4.10.3-all\gradle-4.10.3\bin;;C:\WINDOWS\system32;
USERNAME=msrober3
OS=Windows_NT
PROCESSOR_IDENTIFIER=Intel64 Family 6 Model 58 Stepping 9, GenuineIntel



---------------  S Y S T E M  ---------------

OS: Windows 10.0 , 64 bit Build 16299 (10.0.16299.431)

CPU:total 8 (initial active 8) (4 cores per cpu, 2 threads per core) family 6 model 58 stepping 9, cmov, cx8, fxsr, mmx, sse, sse2, sse3, ssse3, sse4.1, sse4.2, popcnt, avx, aes, clmul, erms, ht, tsc, tscinvbit, tscinv

Memory: 4k page, physical 16660980k(6987480k free), swap 22189236k(3060484k free)

vm_info: Java HotSpot(TM) 64-Bit Server VM (25.144-b01) for windows-amd64 JRE (1.8.0_144-b01), built on Jul 21 2017 21:57:33 by "java_re" with MS VC++ 10.0 (VS2010)

time: Tue Mar 05 14:35:30 2019
elapsed time: 5 seconds (0d 0h 0m 5s)

